c:\users\annolab\desktop\200416-forest\x64\release\200416-forest.ipdb
c:\users\annolab\desktop\200416-forest\x64\release\200416-forest.iobj
c:\users\annolab\desktop\200416-forest\200416-forest\x64\release\200416-forest.pch
c:\users\annolab\desktop\200416-forest\200416-forest\x64\release\vc141.pdb
c:\users\annolab\desktop\200416-forest\200416-forest\x64\release\stdafx.obj
c:\users\annolab\desktop\200416-forest\200416-forest\x64\release\udpclass.obj
c:\users\annolab\desktop\200416-forest\200416-forest\x64\release\stopwatch.obj
c:\users\annolab\desktop\200416-forest\200416-forest\x64\release\soundclass.obj
c:\users\annolab\desktop\200416-forest\200416-forest\x64\release\shaderloaderclass.obj
c:\users\annolab\desktop\200416-forest\200416-forest\x64\release\setup_vao.obj
c:\users\annolab\desktop\200416-forest\200416-forest\x64\release\setup_texture.obj
c:\users\annolab\desktop\200416-forest\200416-forest\x64\release\setup_shader.obj
c:\users\annolab\desktop\200416-forest\200416-forest\x64\release\setup_fbo.obj
c:\users\annolab\desktop\200416-forest\200416-forest\x64\release\png24loaderclass.obj
c:\users\annolab\desktop\200416-forest\200416-forest\x64\release\ovalmanager.obj
c:\users\annolab\desktop\200416-forest\200416-forest\x64\release\osc.obj
c:\users\annolab\desktop\200416-forest\200416-forest\x64\release\openglinitializerclass.obj
c:\users\annolab\desktop\200416-forest\200416-forest\x64\release\notificationcenterclass.obj
c:\users\annolab\desktop\200416-forest\200416-forest\x64\release\matrixclass.obj
c:\users\annolab\desktop\200416-forest\200416-forest\x64\release\maincontroller.obj
c:\users\annolab\desktop\200416-forest\200416-forest\x64\release\lifegamemanager.obj
c:\users\annolab\desktop\200416-forest\200416-forest\x64\release\generatemanager.obj
c:\users\annolab\desktop\200416-forest\200416-forest\x64\release\draw.obj
c:\users\annolab\desktop\200416-forest\200416-forest\x64\release\animationmanager.obj
c:\users\annolab\desktop\200416-forest\200416-forest\x64\release\200416-forest.obj
c:\users\annolab\desktop\200416-forest\200416-forest\x64\release\windowmanagerclass.obj
c:\users\annolab\desktop\200416-forest\x64\release\200416-forest.exe
c:\users\annolab\desktop\200416-forest\x64\release\200416-forest.pdb
c:\users\annolab\desktop\200416-forest\200416-forest\x64\release\200416-forest.res
c:\users\annolab\desktop\200416-forest\200416-forest\x64\release\200416-forest.tlog\200416-forest.write.1u.tlog
c:\users\annolab\desktop\200416-forest\200416-forest\x64\release\200416-forest.tlog\cl.command.1.tlog
c:\users\annolab\desktop\200416-forest\200416-forest\x64\release\200416-forest.tlog\cl.read.1.tlog
c:\users\annolab\desktop\200416-forest\200416-forest\x64\release\200416-forest.tlog\cl.write.1.tlog
c:\users\annolab\desktop\200416-forest\200416-forest\x64\release\200416-forest.tlog\link.command.1.tlog
c:\users\annolab\desktop\200416-forest\200416-forest\x64\release\200416-forest.tlog\link.read.1.tlog
c:\users\annolab\desktop\200416-forest\200416-forest\x64\release\200416-forest.tlog\link.write.1.tlog
c:\users\annolab\desktop\200416-forest\200416-forest\x64\release\200416-forest.tlog\rc.command.1.tlog
c:\users\annolab\desktop\200416-forest\200416-forest\x64\release\200416-forest.tlog\rc.read.1.tlog
c:\users\annolab\desktop\200416-forest\200416-forest\x64\release\200416-forest.tlog\rc.write.1.tlog
